MIDIDriver/build/intermediates/manifest_merge_blame_file/debug/manifest-merger-blame-debug-report.txt
1<?xml version="1.0" encoding="utf-8"?>
2<manifest xmlns:android="http://schemas.android.com/apk/res/android"
3    package="jp.kshoji.driver.midi"
4    android:versionCode="1"
5    android:versionName="1.0.0" >
6
7    <uses-sdk android:minSdkVersion="12" />
7-->QinPlus/MIDIDriver/AndroidManifest.xml:6:5-44
7-->QinPlus/MIDIDriver/AndroidManifest.xml:6:15-41
8
9</manifest>